Arguments: 
  /usr/local/bin/node /usr/local/bin/yarn add webpack-cli -D

PATH: 
  /Users/Johnny/Library/Android/sdk/tools:/Users/Johnny/Library/Android/sdk/platform-tools:/Library/gradle/gradle-3.3/bin:/Library/Java/JavaVirtualMachines/jdk1.8.0_91.jdk/Contents/Home/bin:/Library/Frameworks/Python.framework/Versions/3.6/bin:/Library/Frameworks/Python.framework/Versions/2.7/bin:/usr/local/go/bin:/Users/Johnny/code/github/go/bin:/usr/local/bin:/usr/bin:/bin:/usr/sbin:/sbin:/usr/local/go/bin:/Library/Frameworks/Mono.framework/Versions/Current/Commands:/Users/Johnny/Library/Android/sdk/tools:/Users/Johnny/Library/Android/sdk/platform-tools:/Library/gradle/gradle-3.3/bin:/Library/Java/JavaVirtualMachines/jdk1.8.0_91.jdk/Contents/Home/bin:/Library/Frameworks/Python.framework/Versions/3.6/bin:/Library/Frameworks/Python.framework/Versions/2.7/bin:/Users/Johnny/code/github/go/bin

Yarn version: 
  1.5.1

Node version: 
  8.11.1

Platform: 
  darwin x64

npm manifest: 
  {
    "dependencies": {
      "webpack": "^4.5.0",
      "webpack-dev-server": "^3.1.3"
    },
    "name": "webpack-demo",
    "version": "1.0.0",
    "main": "index.js",
    "devDependencies": {},
    "scripts": {
      "test": "echo \"Error: no test specified\" && exit 1",
      "start": "webpack-dev-server --progress --colors"
    },
    "repository": {
      "type": "git",
      "url": "git+https://github.com/johnnynode/webpack-demo.git"
    },
    "keywords": [],
    "author": "",
    "license": "ISC",
    "bugs": {
      "url": "https://github.com/johnnynode/webpack-demo/issues"
    },
    "homepage": "https://github.com/johnnynode/webpack-demo#readme",
    "description": ""
  }

yarn manifest: 
  No manifest

Lockfile: 
  No lockfile

Trace: 
  Error: EINVAL: invalid argument, unlink '/Users/Johnny/code/github/webpack/webpack-demo/node_modules/split-string/node_modules/extend-shallow'
